{"name":"readPetInventories","id":"tests.CrudTestsPetStoreOrderEndpoint:readPetInventories","testCaseName":"tests.CrudTestsPetStoreOrderEndpoint","userStory":{"id":"tests.CrudTestsPetStoreOrderEndpoint","storyName":"Crud tests pet store order endpoint","storyClassName":"tests.CrudTestsPetStoreOrderEndpoint","path":"tests","type":"story"},"featureTag":{"name":"Tests/Crud tests pet store order endpoint","type":"story","displayName":"Tests/Crud tests pet store order endpoint"},"title":"verification of get request","tags":[{"name":"Tests/Crud tests pet store order endpoint","type":"story","displayName":"Tests/Crud tests pet store order endpoint"}],"startTime":"2020-10-16T09:44:34.950181+03:00[Europe/Kiev]","duration":1580,"testFailureCause":{"errorType":"org.assertj.core.api.SoftAssertionError","message":"\nThe following 2 assertions failed:\n1) [Status] expected:\u003c\"approved\"\u003e but was:\u003cnull\u003e\n2) [Quantity] expected:\u003c[3]\u003e but was:\u003c[0]\u003e\n","stackTrace":[{"classLoaderName":"app","declaringClass":"tests.CrudTestsPetStoreOrderEndpoint","methodName":"readPetInventories","fileName":"CrudTestsPetStoreOrderEndpoint.java","lineNumber":85,"format":1}]},"testFailureClassname":"org.assertj.core.api.SoftAssertionError","testFailureMessage":"\nThe following 2 assertions failed:\n1) [Status] expected:\u003c\"approved\"\u003e but was:\u003cnull\u003e\n2) [Quantity] expected:\u003c[3]\u003e but was:\u003c[0]\u003e\n","testFailureSummary":"FAILURE;org.assertj.core.api.SoftAssertionError;\nThe following 2 assertions failed:\n1) [Status] expected:\u003c\"approved\"\u003e but was:\u003cnull\u003e\n2) [Quantity] expected:\u003c[3]\u003e but was:\u003c[0]\u003e\n;CrudTestsPetStoreOrderEndpoint.java","projectKey":"","annotatedResult":"FAILURE","isManualTestingUpToDate":false,"manual":false,"testSource":"JUnit","order":0,"result":"FAILURE"}