<?xml version="1.0" encoding="UTF-8"?><testsuite errors="0" failures="1" name="tests.CrudTestsPetStoreOrderEndpoint" skipped="0" tests="1" time="3.54" timestamp="2020-10-16 02:42:54"><testcase classname="tests.CrudTestsPetStoreOrderEndpoint" name="verification of put request"><failure message="&#10;The following 2 assertions failed:&#10;1) [Status] expected:&lt;&quot;approved&quot;&gt; but was:&lt;null&gt;&#10;2) [Quantity] expected:&lt;[3]&gt; but was:&lt;[0]&gt;&#10;" type="org.assertj.core.api.SoftAssertionError">
The following 2 assertions failed:
1) [Status] expected:&lt;"approved"&gt; but was:&lt;null&gt;
2) [Quantity] expected:&lt;[3]&gt; but was:&lt;[0]&gt;
</failure><system-err>
The following 2 assertions failed:
1) [Status] expected:&lt;"approved"&gt; but was:&lt;null&gt;
2) [Quantity] expected:&lt;[3]&gt; but was:&lt;[0]&gt;

tests.CrudTestsPetStoreOrderEndpoint.updatePet(CrudTestsPetStoreOrderEndpoint.java:84)
</system-err></testcase></testsuite>