<?xml version="1.0" encoding="UTF-8"?><testsuite errors="0" failures="0" name="tests.SampleTestsOrderPetStore" skipped="0" tests="5" time="4.92" timestamp="2020-10-16 09:39:05"><testcase classname="tests.SampleTestsOrderPetStore" name="Verify order can be created"/><testcase classname="tests.SampleTestsOrderPetStore" name="Verify body"/><testcase classname="tests.SampleTestsOrderPetStore" name="Verify status code"/><testcase classname="tests.SampleTestsOrderPetStore" name="Verify order1 has id after creation"/><testcase classname="tests.SampleTestsOrderPetStore" name="Verify not existing order return404"/></testsuite>