<?xml version="1.0" encoding="UTF-8"?><testsuite errors="0" failures="0" name="tests.SampleTestsOrderStore" skipped="0" tests="5" time="4.74" timestamp="2020-10-15 09:22:43"><testcase classname="tests.SampleTestsOrderStore" name="Verify order can be created"/><testcase classname="tests.SampleTestsOrderStore" name="Verify body"/><testcase classname="tests.SampleTestsOrderStore" name="Verify status code"/><testcase classname="tests.SampleTestsOrderStore" name="Verify order1 has id after creation"/><testcase classname="tests.SampleTestsOrderStore" name="Verify not existing order return404"/></testsuite>